app/build/intermediates/manifest_merge_blame_file/debug/manifest-merger-blame-debug-report.txt
1<?xml version="1.0" encoding="utf-8"?>
2<manifest xmlns:android="http://schemas.android.com/apk/res/android"
3    package="com.translator.translator_project"
4    android:versionCode="1"
5    android:versionName="1.0" >
6
7    <uses-sdk
8        android:minSdkVersion="21"
8-->src/main/AndroidManifest.xml
9        android:targetSdkVersion="32" />
9-->src/main/AndroidManifest.xml
10
11    <uses-permission android:name="android.permission.ACCESS_NETWORK_STATE" />
11-->[com.google.mlkit:translate:17.0.0] AndroidManifest.xml:7:5-79
11-->[com.google.mlkit:translate:17.0.0] AndroidManifest.xml:7:22-76
12    <uses-permission android:name="android.permission.INTERNET" />
12-->[com.google.mlkit:translate:17.0.0] AndroidManifest.xml:8:5-67
12-->[com.google.mlkit:translate:17.0.0] AndroidManifest.xml:8:22-64
13
14    <application
14-->src/main/AndroidManifest.xml:6:5-27:19
15        android:allowBackup="true"
15-->src/main/AndroidManifest.xml:7:9-35
16        android:appComponentFactory="androidx.core.app.CoreComponentFactory"
16-->[androidx.core:core:1.7.0] AndroidManifest.xml:24:18-86
17        android:dataExtractionRules="@xml/data_extraction_rules"
17-->src/main/AndroidManifest.xml:8:9-65
18        android:debuggable="true"
19        android:fullBackupContent="@xml/backup_rules"
19-->src/main/AndroidManifest.xml:9:9-54
20        android:icon="@mipmap/ic_launcher"
20-->src/main/AndroidManifest.xml:10:9-43
21        android:label="@string/app_name"
21-->src/main/AndroidManifest.xml:11:9-41
22        android:roundIcon="@mipmap/ic_launcher_round"
22-->src/main/AndroidManifest.xml:12:9-54
23        android:supportsRtl="true"
23-->src/main/AndroidManifest.xml:13:9-35
24        android:testOnly="true"
25        android:theme="@style/Theme.Translator" >
25-->src/main/AndroidManifest.xml:14:9-48
26        <activity
26-->src/main/AndroidManifest.xml:16:9-26:20
27            android:name="com.translator.translator_project.MainActivity"
27-->src/main/AndroidManifest.xml:17:13-41
28            android:exported="true"
28-->src/main/AndroidManifest.xml:18:13-36
29            android:label="@string/app_name"
29-->src/main/AndroidManifest.xml:19:13-45
30            android:theme="@style/Theme.Translator" >
30-->src/main/AndroidManifest.xml:20:13-52
31            <intent-filter>
31-->src/main/AndroidManifest.xml:21:13-25:29
32                <action android:name="android.intent.action.MAIN" />
32-->src/main/AndroidManifest.xml:22:17-69
32-->src/main/AndroidManifest.xml:22:25-66
33
34                <category android:name="android.intent.category.LAUNCHER" />
34-->src/main/AndroidManifest.xml:24:17-77
34-->src/main/AndroidManifest.xml:24:27-74
35            </intent-filter>
36        </activity>
37        <activity
37-->[androidx.compose.ui:ui-tooling:1.1.1] AndroidManifest.xml:25:9-27:39
38            android:name="androidx.compose.ui.tooling.PreviewActivity"
38-->[androidx.compose.ui:ui-tooling:1.1.1] AndroidManifest.xml:26:13-71
39            android:exported="true" />
39-->[androidx.compose.ui:ui-tooling:1.1.1] AndroidManifest.xml:27:13-36
40        <activity
40-->[androidx.compose.ui:ui-test-manifest:1.1.1] AndroidManifest.xml:25:9-27:39
41            android:name="androidx.activity.ComponentActivity"
41-->[androidx.compose.ui:ui-test-manifest:1.1.1] AndroidManifest.xml:26:13-63
42            android:exported="true" />
42-->[androidx.compose.ui:ui-test-manifest:1.1.1] AndroidManifest.xml:27:13-36
43
44        <service
44-->[com.google.mlkit:translate:17.0.0] AndroidManifest.xml:11:9-17:19
45            android:name="com.google.mlkit.common.internal.MlKitComponentDiscoveryService"
45-->[com.google.mlkit:translate:17.0.0] AndroidManifest.xml:12:13-91
46            android:directBootAware="true"
46-->[com.google.mlkit:common:18.0.0] AndroidManifest.xml:17:13-43
47            android:exported="false" >
47-->[com.google.mlkit:translate:17.0.0] AndroidManifest.xml:13:13-37
48            <meta-data
48-->[com.google.mlkit:translate:17.0.0] AndroidManifest.xml:14:13-16:85
49                android:name="com.google.firebase.components:com.google.mlkit.nl.translate.NaturalLanguageTranslateRegistrar"
49-->[com.google.mlkit:translate:17.0.0] AndroidManifest.xml:15:17-126
50                android:value="com.google.firebase.components.ComponentRegistrar" />
50-->[com.google.mlkit:translate:17.0.0] AndroidManifest.xml:16:17-82
51            <meta-data
51-->[com.google.mlkit:common:18.0.0] AndroidManifest.xml:20:13-22:85
52                android:name="com.google.firebase.components:com.google.mlkit.common.internal.CommonComponentRegistrar"
52-->[com.google.mlkit:common:18.0.0] AndroidManifest.xml:21:17-120
53                android:value="com.google.firebase.components.ComponentRegistrar" />
53-->[com.google.mlkit:common:18.0.0] AndroidManifest.xml:22:17-82
54        </service>
55
56        <provider
56-->[com.google.mlkit:common:18.0.0] AndroidManifest.xml:9:9-13:38
57            android:name="com.google.mlkit.common.internal.MlKitInitProvider"
57-->[com.google.mlkit:common:18.0.0] AndroidManifest.xml:10:13-78
58            android:authorities="com.translator.translator_project.mlkitinitprovider"
58-->[com.google.mlkit:common:18.0.0] AndroidManifest.xml:11:13-69
59            android:exported="false"
59-->[com.google.mlkit:common:18.0.0] AndroidManifest.xml:12:13-37
60            android:initOrder="99" />
60-->[com.google.mlkit:common:18.0.0] AndroidManifest.xml:13:13-35
61
62        <activity
62-->[com.google.android.gms:play-services-base:18.0.1] AndroidManifest.xml:20:9-22:45
63            android:name="com.google.android.gms.common.api.GoogleApiActivity"
63-->[com.google.android.gms:play-services-base:18.0.1] AndroidManifest.xml:20:19-85
64            android:exported="false"
64-->[com.google.android.gms:play-services-base:18.0.1] AndroidManifest.xml:22:19-43
65            android:theme="@android:style/Theme.Translucent.NoTitleBar" />
65-->[com.google.android.gms:play-services-base:18.0.1] AndroidManifest.xml:21:19-78
66
67        <meta-data
67-->[com.google.android.gms:play-services-basement:18.0.0] AndroidManifest.xml:21:9-23:69
68            android:name="com.google.android.gms.version"
68-->[com.google.android.gms:play-services-basement:18.0.0] AndroidManifest.xml:22:13-58
69            android:value="@integer/google_play_services_version" />
69-->[com.google.android.gms:play-services-basement:18.0.0] AndroidManifest.xml:23:13-66
70
71        <provider
71-->[androidx.profileinstaller:profileinstaller:1.1.0] AndroidManifest.xml:26:9-34:20
72            android:name="androidx.startup.InitializationProvider"
72-->[androidx.profileinstaller:profileinstaller:1.1.0] AndroidManifest.xml:27:13-67
73            android:authorities="com.translator.translator_project.androidx-startup"
73-->[androidx.profileinstaller:profileinstaller:1.1.0] AndroidManifest.xml:28:13-68
74            android:exported="false" >
74-->[androidx.profileinstaller:profileinstaller:1.1.0] AndroidManifest.xml:29:13-37
75            <meta-data
75-->[androidx.profileinstaller:profileinstaller:1.1.0] AndroidManifest.xml:31:13-33:52
76                android:name="androidx.profileinstaller.ProfileInstallerInitializer"
76-->[androidx.profileinstaller:profileinstaller:1.1.0] AndroidManifest.xml:32:17-85
77                android:value="androidx.startup" />
77-->[androidx.profileinstaller:profileinstaller:1.1.0] AndroidManifest.xml:33:17-49
78        </provider>
79
80        <receiver
80-->[androidx.profileinstaller:profileinstaller:1.1.0] AndroidManifest.xml:36:9-45:20
81            android:name="androidx.profileinstaller.ProfileInstallReceiver"
81-->[androidx.profileinstaller:profileinstaller:1.1.0] AndroidManifest.xml:37:13-76
82            android:directBootAware="false"
82-->[androidx.profileinstaller:profileinstaller:1.1.0] AndroidManifest.xml:38:13-44
83            android:enabled="true"
83-->[androidx.profileinstaller:profileinstaller:1.1.0] AndroidManifest.xml:39:13-35
84            android:exported="true"
84-->[androidx.profileinstaller:profileinstaller:1.1.0] AndroidManifest.xml:40:13-36
85            android:permission="android.permission.DUMP" >
85-->[androidx.profileinstaller:profileinstaller:1.1.0] AndroidManifest.xml:41:13-57
86            <intent-filter>
86-->[androidx.profileinstaller:profileinstaller:1.1.0] AndroidManifest.xml:42:13-44:29
87                <action android:name="androidx.profileinstaller.action.INSTALL_PROFILE" />
87-->[androidx.profileinstaller:profileinstaller:1.1.0] AndroidManifest.xml:43:17-91
87-->[androidx.profileinstaller:profileinstaller:1.1.0] AndroidManifest.xml:43:25-88
88            </intent-filter>
89        </receiver>
90
91        <service
91-->[com.google.android.datatransport:transport-backend-cct:2.3.3] AndroidManifest.xml:29:9-35:19
92            android:name="com.google.android.datatransport.runtime.backends.TransportBackendDiscovery"
92-->[com.google.android.datatransport:transport-backend-cct:2.3.3] AndroidManifest.xml:30:13-103
93            android:exported="false" >
93-->[com.google.android.datatransport:transport-backend-cct:2.3.3] AndroidManifest.xml:31:13-37
94            <meta-data
94-->[com.google.android.datatransport:transport-backend-cct:2.3.3] AndroidManifest.xml:32:13-34:39
95                android:name="backend:com.google.android.datatransport.cct.CctBackendFactory"
95-->[com.google.android.datatransport:transport-backend-cct:2.3.3] AndroidManifest.xml:33:17-94
96                android:value="cct" />
96-->[com.google.android.datatransport:transport-backend-cct:2.3.3] AndroidManifest.xml:34:17-36
97        </service>
98        <service
98-->[com.google.android.datatransport:transport-runtime:2.2.6] AndroidManifest.xml:26:9-30:19
99            android:name="com.google.android.datatransport.runtime.scheduling.jobscheduling.JobInfoSchedulerService"
99-->[com.google.android.datatransport:transport-runtime:2.2.6] AndroidManifest.xml:27:13-117
100            android:exported="false"
100-->[com.google.android.datatransport:transport-runtime:2.2.6] AndroidManifest.xml:28:13-37
101            android:permission="android.permission.BIND_JOB_SERVICE" >
101-->[com.google.android.datatransport:transport-runtime:2.2.6] AndroidManifest.xml:29:13-69
102        </service>
103
104        <receiver
104-->[com.google.android.datatransport:transport-runtime:2.2.6] AndroidManifest.xml:32:9-34:40
105            android:name="com.google.android.datatransport.runtime.scheduling.jobscheduling.AlarmManagerSchedulerBroadcastReceiver"
105-->[com.google.android.datatransport:transport-runtime:2.2.6] AndroidManifest.xml:33:13-132
106            android:exported="false" />
106-->[com.google.android.datatransport:transport-runtime:2.2.6] AndroidManifest.xml:34:13-37
107    </application>
108
109</manifest>